# JRE version: Java(TM) SE Runtime Environment (17.0.1+12) (build 17.0.1+12-LTS-39)
# Java VM: Java HotSpot(TM) 64-Bit Server VM (17.0.1+12-LTS-39, mixed mode, sharing, tiered, compressed oops, compressed class ptrs, g1 gc, windows-amd64)
GC Precious Log:
 CPUs: 4 total, 4 available
 Memory: 7827M
 Large Page Support: Disabled
 NUMA Support: Disabled
 Compressed Oops: Enabled (32-bit)
 Heap Region Size: 1M
 Heap Min Capacity: 8M
 Heap Initial Capacity: 124M
 Heap Max Capacity: 1958M
 Pre-touch: Disabled
 Parallel Workers: 4
 Concurrent Workers: 1
 Concurrent Refinement Workers: 4
 Periodic GC: Disabled
Heap:
 garbage-first heap   total 220160K, used 105156K [0x0000000085a00000, 0x0000000100000000)
  region size 1024K, 5 young (5120K), 5 survivors (5120K)
 Metaspace       used 81217K, committed 81792K, reserved 1122304K
  class space    used 11062K, committed 11328K, reserved 1048576K
GC Heap History (20 events):
Event: 23.662 GC heap after
{Heap after GC invocations=20 (full 0):
 garbage-first heap   total 71680K, used 41156K [0x0000000085a00000, 0x0000000100000000)
  region size 1024K, 4 young (4096K), 4 survivors (4096K)
 Metaspace       used 65592K, committed 66112K, reserved 1105920K
  class space    used 8963K, committed 9216K, reserved 1048576K
}
Event: 23.988 GC heap before
{Heap before GC invocations=20 (full 0):
 garbage-first heap   total 71680K, used 51396K [0x0000000085a00000, 0x0000000100000000)
  region size 1024K, 15 young (15360K), 4 survivors (4096K)
 Metaspace       used 65592K, committed 66112K, reserved 1105920K
  class space    used 8963K, committed 9216K, reserved 1048576K
}
Event: 24.004 GC heap after
{Heap after GC invocations=21 (full 0):
 garbage-first heap   total 71680K, used 45434K [0x0000000085a00000, 0x0000000100000000)
  region size 1024K, 3 young (3072K), 3 survivors (3072K)
 Metaspace       used 65592K, committed 66112K, reserved 1105920K
  class space    used 8963K, committed 9216K, reserved 1048576K
}
Event: 24.249 GC heap before
{Heap before GC invocations=22 (full 0):
 garbage-first heap   total 92160K, used 56698K [0x0000000085a00000, 0x0000000100000000)
  region size 1024K, 13 young (13312K), 3 survivors (3072K)
 Metaspace       used 65592K, committed 66112K, reserved 1105920K
  class space    used 8963K, committed 9216K, reserved 1048576K
}
Event: 24.261 GC heap after
{Heap after GC invocations=23 (full 0):
 garbage-first heap   total 92160K, used 51200K [0x0000000085a00000, 0x0000000100000000)
  region size 1024K, 2 young (2048K), 2 survivors (2048K)
 Metaspace       used 65592K, committed 66112K, reserved 1105920K
  class space    used 8963K, committed 9216K, reserved 1048576K
}
Event: 24.461 GC heap before
{Heap before GC invocations=23 (full 0):
 garbage-first heap   total 92160K, used 67584K [0x0000000085a00000, 0x0000000100000000)
  region size 1024K, 18 young (18432K), 2 survivors (2048K)
 Metaspace       used 65592K, committed 66112K, reserved 1105920K
  class space    used 8963K, committed 9216K, reserved 1048576K
}
Event: 24.477 GC heap after
{Heap after GC invocations=24 (full 0):
 garbage-first heap   total 220160K, used 56110K [0x0000000085a00000, 0x0000000100000000)
  region size 1024K, 3 young (3072K), 3 survivors (3072K)
 Metaspace       used 65592K, committed 66112K, reserved 1105920K
  class space    used 8963K, committed 9216K, reserved 1048576K
}
Event: 25.544 GC heap before
{Heap before GC invocations=25 (full 0):
 garbage-first heap   total 211968K, used 131886K [0x0000000085a00000, 0x0000000100000000)
  region size 1024K, 78 young (79872K), 3 survivors (3072K)
 Metaspace       used 67314K, committed 67840K, reserved 1114112K
  class space    used 9339K, committed 9600K, reserved 1048576K
}
Event: 25.558 GC heap after
{Heap after GC invocations=26 (full 0):
 garbage-first heap   total 211968K, used 62244K [0x0000000085a00000, 0x0000000100000000)
  region size 1024K, 10 young (10240K), 10 survivors (10240K)
 Metaspace       used 67314K, committed 67840K, reserved 1114112K
  class space    used 9339K, committed 9600K, reserved 1048576K
}
Event: 25.702 GC heap before
{Heap before GC invocations=26 (full 0):
 garbage-first heap   total 211968K, used 135972K [0x0000000085a00000, 0x0000000100000000)
  region size 1024K, 81 young (82944K), 10 survivors (10240K)
 Metaspace       used 67317K, committed 67840K, reserved 1114112K
  class space    used 9339K, committed 9600K, reserved 1048576K
}
Event: 25.744 GC heap after
{Heap after GC invocations=27 (full 0):
 garbage-first heap   total 211968K, used 91327K [0x0000000085a00000, 0x0000000100000000)
  region size 1024K, 11 young (11264K), 11 survivors (11264K)
 Metaspace       used 67317K, committed 67840K, reserved 1114112K
  class space    used 9339K, committed 9600K, reserved 1048576K
}
Event: 26.116 GC heap before
{Heap before GC invocations=27 (full 0):
 garbage-first heap   total 211968K, used 147647K [0x0000000085a00000, 0x0000000100000000)
  region size 1024K, 64 young (65536K), 11 survivors (11264K)
 Metaspace       used 67317K, committed 67840K, reserved 1114112K
  class space    used 9339K, committed 9600K, reserved 1048576K
}
Event: 26.177 GC heap after
{Heap after GC invocations=28 (full 0):
 garbage-first heap   total 211968K, used 116014K [0x0000000085a00000, 0x0000000100000000)
  region size 1024K, 8 young (8192K), 8 survivors (8192K)
 Metaspace       used 67317K, committed 67840K, reserved 1114112K
  class space    used 9339K, committed 9600K, reserved 1048576K
}
Event: 26.628 GC heap before
{Heap before GC invocations=28 (full 0):
 garbage-first heap   total 211968K, used 153902K [0x0000000085a00000, 0x0000000100000000)
  region size 1024K, 46 young (47104K), 8 survivors (8192K)
 Metaspace       used 68727K, committed 69312K, reserved 1114112K
  class space    used 9520K, committed 9792K, reserved 1048576K
}
Event: 26.650 GC heap after
{Heap after GC invocations=29 (full 0):
 garbage-first heap   total 211968K, used 120548K [0x0000000085a00000, 0x0000000100000000)
  region size 1024K, 4 young (4096K), 4 survivors (4096K)
 Metaspace       used 68727K, committed 69312K, reserved 1114112K
  class space    used 9520K, committed 9792K, reserved 1048576K
}
Event: 264.092 GC heap before
{Heap before GC invocations=30 (full 0):
 garbage-first heap   total 211968K, used 150244K [0x0000000085a00000, 0x0000000100000000)
  region size 1024K, 42 young (43008K), 4 survivors (4096K)
 Metaspace       used 73750K, committed 74368K, reserved 1114112K
  class space    used 10173K, committed 10432K, reserved 1048576K
}
Event: 264.112 GC heap after
{Heap after GC invocations=31 (full 0):
 garbage-first heap   total 211968K, used 114990K [0x0000000085a00000, 0x0000000100000000)
  region size 1024K, 6 young (6144K), 6 survivors (6144K)
 Metaspace       used 73750K, committed 74368K, reserved 1114112K
  class space    used 10173K, committed 10432K, reserved 1048576K
}
Event: 264.700 GC heap before
{Heap before GC invocations=31 (full 0):
 garbage-first heap   total 211968K, used 119086K [0x0000000085a00000, 0x0000000100000000)
  region size 1024K, 10 young (10240K), 6 survivors (6144K)
 Metaspace       used 74525K, committed 75136K, reserved 1114112K
  class space    used 10287K, committed 10560K, reserved 1048576K
}
Event: 264.716 GC heap after
{Heap after GC invocations=32 (full 0):
 garbage-first heap   total 211968K, used 101973K [0x0000000085a00000, 0x0000000100000000)
  region size 1024K, 1 young (1024K), 1 survivors (1024K)
 Metaspace       used 74525K, committed 75136K, reserved 1114112K
  class space    used 10287K, committed 10560K, reserved 1048576K
}
Event: 1752.525 GC heap before
{Heap before GC invocations=32 (full 0):
 garbage-first heap   total 211968K, used 153173K [0x0000000085a00000, 0x0000000100000000)
  region size 1024K, 52 young (53248K), 1 survivors (1024K)
 Metaspace       used 81217K, committed 81792K, reserved 1122304K
  class space    used 11062K, committed 11328K, reserved 1048576K
}

