# JRE version: Java(TM) SE Runtime Environment (17.0.1+12) (build 17.0.1+12-LTS-39)
# Java VM: Java HotSpot(TM) 64-Bit Server VM (17.0.1+12-LTS-39, mixed mode, sharing, tiered, compressed oops, compressed class ptrs, g1 gc, windows-amd64)
GC Precious Log:
 CPUs: 4 total, 4 available
 Memory: 7827M
 Large Page Support: Disabled
 NUMA Support: Disabled
 Compressed Oops: Enabled (32-bit)
 Heap Region Size: 1M
 Heap Min Capacity: 8M
 Heap Initial Capacity: 124M
 Heap Max Capacity: 1958M
 Pre-touch: Disabled
 Parallel Workers: 4
 Concurrent Workers: 1
 Concurrent Refinement Workers: 4
 Periodic GC: Disabled
Heap:
 garbage-first heap   total 209920K, used 107867K [0x0000000085a00000, 0x0000000100000000)
  region size 1024K, 2 young (2048K), 2 survivors (2048K)
 Metaspace       used 71925K, committed 72448K, reserved 1114112K
  class space    used 9907K, committed 10176K, reserved 1048576K
GC Heap History (20 events):
Event: 26.214 GC heap after
{Heap after GC invocations=19 (full 0):
 garbage-first heap   total 75776K, used 42127K [0x0000000085a00000, 0x0000000100000000)
  region size 1024K, 4 young (4096K), 4 survivors (4096K)
 Metaspace       used 67346K, committed 67840K, reserved 1114112K
  class space    used 9180K, committed 9408K, reserved 1048576K
}
Event: 26.384 GC heap before
{Heap before GC invocations=19 (full 0):
 garbage-first heap   total 75776K, used 55439K [0x0000000085a00000, 0x0000000100000000)
  region size 1024K, 18 young (18432K), 4 survivors (4096K)
 Metaspace       used 67346K, committed 67840K, reserved 1114112K
  class space    used 9180K, committed 9408K, reserved 1048576K
}
Event: 26.402 GC heap after
{Heap after GC invocations=20 (full 0):
 garbage-first heap   total 75776K, used 46797K [0x0000000085a00000, 0x0000000100000000)
  region size 1024K, 3 young (3072K), 3 survivors (3072K)
 Metaspace       used 67346K, committed 67840K, reserved 1114112K
  class space    used 9180K, committed 9408K, reserved 1048576K
}
Event: 26.513 GC heap before
{Heap before GC invocations=20 (full 0):
 garbage-first heap   total 75776K, used 58061K [0x0000000085a00000, 0x0000000100000000)
  region size 1024K, 13 young (13312K), 3 survivors (3072K)
 Metaspace       used 67346K, committed 67840K, reserved 1114112K
  class space    used 9180K, committed 9408K, reserved 1048576K
}
Event: 26.527 GC heap after
{Heap after GC invocations=21 (full 0):
 garbage-first heap   total 75776K, used 52525K [0x0000000085a00000, 0x0000000100000000)
  region size 1024K, 2 young (2048K), 2 survivors (2048K)
 Metaspace       used 67346K, committed 67840K, reserved 1114112K
  class space    used 9180K, committed 9408K, reserved 1048576K
}
Event: 26.606 GC heap before
{Heap before GC invocations=21 (full 0):
 garbage-first heap   total 97280K, used 59693K [0x0000000085a00000, 0x0000000100000000)
  region size 1024K, 9 young (9216K), 2 survivors (2048K)
 Metaspace       used 67347K, committed 67840K, reserved 1114112K
  class space    used 9180K, committed 9408K, reserved 1048576K
}
Event: 26.618 GC heap after
{Heap after GC invocations=22 (full 0):
 garbage-first heap   total 180224K, used 55390K [0x0000000085a00000, 0x0000000100000000)
  region size 1024K, 2 young (2048K), 2 survivors (2048K)
 Metaspace       used 67347K, committed 67840K, reserved 1114112K
  class space    used 9180K, committed 9408K, reserved 1048576K
}
Event: 27.573 GC heap before
{Heap before GC invocations=23 (full 0):
 garbage-first heap   total 180224K, used 130142K [0x0000000085a00000, 0x0000000100000000)
  region size 1024K, 75 young (76800K), 2 survivors (2048K)
 Metaspace       used 69148K, committed 69632K, reserved 1114112K
  class space    used 9557K, committed 9792K, reserved 1048576K
}
Event: 27.584 GC heap after
{Heap after GC invocations=24 (full 0):
 garbage-first heap   total 180224K, used 59280K [0x0000000085a00000, 0x0000000100000000)
  region size 1024K, 6 young (6144K), 6 survivors (6144K)
 Metaspace       used 69148K, committed 69632K, reserved 1114112K
  class space    used 9557K, committed 9792K, reserved 1048576K
}
Event: 27.862 GC heap before
{Heap before GC invocations=24 (full 0):
 garbage-first heap   total 180224K, used 133008K [0x0000000085a00000, 0x0000000100000000)
  region size 1024K, 77 young (78848K), 6 survivors (6144K)
 Metaspace       used 69155K, committed 69696K, reserved 1114112K
  class space    used 9557K, committed 9792K, reserved 1048576K
}
Event: 27.917 GC heap after
{Heap after GC invocations=25 (full 0):
 garbage-first heap   total 180224K, used 87031K [0x0000000085a00000, 0x0000000100000000)
  region size 1024K, 10 young (10240K), 10 survivors (10240K)
 Metaspace       used 69155K, committed 69696K, reserved 1114112K
  class space    used 9557K, committed 9792K, reserved 1048576K
}
Event: 28.114 GC heap before
{Heap before GC invocations=25 (full 0):
 garbage-first heap   total 180224K, used 133111K [0x0000000085a00000, 0x0000000100000000)
  region size 1024K, 53 young (54272K), 10 survivors (10240K)
 Metaspace       used 69155K, committed 69696K, reserved 1114112K
  class space    used 9557K, committed 9792K, reserved 1048576K
}
Event: 28.162 GC heap after
{Heap after GC invocations=26 (full 0):
 garbage-first heap   total 180224K, used 107309K [0x0000000085a00000, 0x0000000100000000)
  region size 1024K, 7 young (7168K), 7 survivors (7168K)
 Metaspace       used 69155K, committed 69696K, reserved 1114112K
  class space    used 9557K, committed 9792K, reserved 1048576K
}
Event: 28.276 GC heap before
{Heap before GC invocations=26 (full 0):
 garbage-first heap   total 180224K, used 135981K [0x0000000085a00000, 0x0000000100000000)
  region size 1024K, 35 young (35840K), 7 survivors (7168K)
 Metaspace       used 69155K, committed 69696K, reserved 1114112K
  class space    used 9557K, committed 9792K, reserved 1048576K
}
Event: 28.306 GC heap after
{Heap after GC invocations=27 (full 0):
 garbage-first heap   total 180224K, used 118573K [0x0000000085a00000, 0x0000000100000000)
  region size 1024K, 5 young (5120K), 5 survivors (5120K)
 Metaspace       used 69155K, committed 69696K, reserved 1114112K
  class space    used 9557K, committed 9792K, reserved 1048576K
}
Event: 28.484 GC heap before
{Heap before GC invocations=27 (full 0):
 garbage-first heap   total 180224K, used 140077K [0x0000000085a00000, 0x0000000100000000)
  region size 1024K, 26 young (26624K), 5 survivors (5120K)
 Metaspace       used 69166K, committed 69760K, reserved 1114112K
  class space    used 9557K, committed 9792K, reserved 1048576K
}
Event: 28.509 GC heap after
{Heap after GC invocations=28 (full 0):
 garbage-first heap   total 180224K, used 126765K [0x0000000085a00000, 0x0000000100000000)
  region size 1024K, 4 young (4096K), 4 survivors (4096K)
 Metaspace       used 69166K, committed 69760K, reserved 1114112K
  class space    used 9557K, committed 9792K, reserved 1048576K
}
Event: 28.981 GC heap before
{Heap before GC invocations=29 (full 0):
 garbage-first heap   total 209920K, used 131885K [0x0000000085a00000, 0x0000000100000000)
  region size 1024K, 20 young (20480K), 4 survivors (4096K)
 Metaspace       used 70891K, committed 71424K, reserved 1114112K
  class space    used 9771K, committed 9984K, reserved 1048576K
}
Event: 28.997 GC heap after
{Heap after GC invocations=30 (full 0):
 garbage-first heap   total 209920K, used 117911K [0x0000000085a00000, 0x0000000100000000)
  region size 1024K, 1 young (1024K), 1 survivors (1024K)
 Metaspace       used 70891K, committed 71424K, reserved 1114112K
  class space    used 9771K, committed 9984K, reserved 1048576K
}
Event: 29.956 GC heap before
{Heap before GC invocations=30 (full 0):
 garbage-first heap   total 209920K, used 127127K [0x0000000085a00000, 0x0000000100000000)
  region size 1024K, 10 young (10240K), 1 survivors (1024K)
 Metaspace       used 71925K, committed 72448K, reserved 1114112K
  class space    used 9907K, committed 10176K, reserved 1048576K
}

